\BOOKMARK [1][-]{section*.3}{\376\377\000L\036\335\000i\000\040\000c\036\243\000m\000\040\001\241\000n}{}% 1
\BOOKMARK [1][-]{section*.4}{\376\377\000M\036\345\000c\000\040\000l\036\345\000c}{}% 2
\BOOKMARK [1][-]{section*.5}{\376\377\000D\000a\000n\000h\000\040\000s\000\341\000c\000h\000\040\000h\000\354\000n\000h}{}% 3
\BOOKMARK [1][-]{section.1}{\376\377\000G\000i\036\333\000i\000\040\000t\000h\000i\036\307\000u}{}% 4
\BOOKMARK [2][-]{subsection.1.1}{\376\377\000B\036\243\000n\000g\000\040\000p\000h\000\342\000n\000\040\000c\000\364\000n\000g\000\040\000v\000\340\000\040\001\021\000\341\000n\000h\000\040\000g\000i\000\341\000\040\000t\000i\036\277\000n\000\040\001\021\036\331\000\040\000c\000\364\000n\000g\000\040\000v\000i\036\307\000c}{section.1}% 5
\BOOKMARK [2][-]{subsection.1.2}{\376\377\000B\000\340\000i\000\040\000t\000o\000\341\000n\000\040\000t\000\354\000m\000\040\000k\000i\036\277\000m}{section.1}% 6
\BOOKMARK [2][-]{subsection.1.3}{\376\377\000T\000r\000\362\000\040\000c\000h\001\241\000i\000\040\000S\000o\000k\000o\000b\000a\000n}{section.1}% 7
\BOOKMARK [2][-]{subsection.1.4}{\376\377\000N\036\331\000i\000\040\000d\000u\000n\000g\000\040\001\021\036\323\000\040\000\341\000n\000\040\000v\000\340\000\040\000c\000h\001\260\001\241\000n\000g\000\040\000t\000r\000\354\000n\000h\000\040\000c\036\347\000a\000\040\000n\000h\000\363\000m}{section.1}% 8
\BOOKMARK [3][-]{section*.8}{\376\377\000N\036\331\000i\000\040\000d\000u\000n\000g\000\040\001\021\036\323\000\040\000\341\000n}{subsection.1.4}% 9
\BOOKMARK [3][-]{section*.8}{\376\377\000C\000h\001\260\001\241\000n\000g\000\040\000t\000r\000\354\000n\000h\000\040\000g\000i\036\243\000i\000\040\000c\036\347\000a\000\040\000n\000h\000\363\000m}{subsection.1.4}% 10
\BOOKMARK [3][-]{Item.4}{\376\377\000V\036\301\000\040\000m\000\343\000\040\000g\000i\036\243\000\040\000v\000\340\000\040\000m\000\343\000\040\000n\000g\000u\036\323\000n\000\040\000c\036\347\000a\000\040\000c\000\341\000c\000\040\000t\000h\000u\036\255\000t\000\040\000t\000o\000\341\000n}{subsection.1.4}% 11
\BOOKMARK [1][-]{section.2}{\376\377\000T\000\354\000m\000\040\000k\000i\036\277\000m\000\040\000t\000h\000e\000o\000\040\000c\000h\000i\036\301\000u\000\040\000s\000\342\000u\000\040\000\050\000D\000F\000S\000\051}{}% 12
\BOOKMARK [2][-]{subsection.2.1}{\376\377\000C\000h\000i\000\040\000t\000i\036\277\000t\000\040\000v\036\301\000\040\000t\000h\000u\036\255\000t\000\040\000t\000o\000\341\000n}{section.2}% 13
\BOOKMARK [2][-]{subsection.2.2}{\376\377\001\257\000u\000,\000\040\000n\000h\001\260\036\343\000c\000\040\001\021\000i\036\303\000m\000\040\000c\036\347\000a\000\040\000t\000h\000u\036\255\000t\000\040\000t\000o\000\341\000n}{section.2}% 14
\BOOKMARK [1][-]{section.3}{\376\377\000T\000\354\000m\000\040\000k\000i\036\277\000m\000\040\000t\000h\000e\000o\000\040\000c\000h\000i\036\301\000u\000\040\000r\036\331\000n\000g\000\040\000\050\000B\000F\000S\000\051}{}% 15
\BOOKMARK [1][-]{section.4}{\376\377\000T\000\354\000m\000\040\000k\000i\036\277\000m\000\040\001\021\036\323\000n\000g\000\040\000n\000h\036\245\000t\000\040\000c\000h\000i\000\040\000p\000h\000\355\000\040\000\050\000U\000C\000S\000\051}{}% 16
\BOOKMARK [1][-]{section.5}{\376\377\000T\000\354\000m\000\040\000k\000i\036\277\000m\000\040\000A\000*}{}% 17
\BOOKMARK [1][-]{section.6}{\376\377\000K\036\277\000t\000\040\000q\000u\036\243\000\040\000k\000i\036\303\000m\000\040\000t\000h\036\355\000\040\000c\000h\001\260\001\241\000n\000g\000\040\000t\000r\000\354\000n\000h}{}% 18
\BOOKMARK [1][-]{section.7}{\376\377\000S\000o\000\040\000s\000\341\000n\000h\000\040\000c\000\341\000c\000\040\000t\000h\000u\036\255\000t\000\040\000t\000o\000\341\000n\000\040\000t\000\354\000m\000\040\000k\000i\036\277\000m}{}% 19
\BOOKMARK [1][-]{section*.9}{\376\377\000T\000\340\000i\000\040\000l\000i\036\307\000u\000\040\000t\000h\000a\000m\000\040\000k\000h\036\243\000o}{}% 20
